<?xml version="1.0" encoding="UTF-8"?>
<testng-results skipped="0" failed="2" total="12" passed="10">
  <reporter-output>
  </reporter-output>
  <suite name="Default Suite" duration-ms="741854" started-at="2015-12-18T00:34:37Z" finished-at="2015-12-18T00:46:59Z">
    <groups>
    </groups>
    <test name="AppiumTest" duration-ms="741854" started-at="2015-12-18T00:34:37Z" finished-at="2015-12-18T00:46:59Z">
      <class name="testpackage.Tests.BasicPlaybackSampleApp.BasicTests">
        <test-method status="PASS" signature="beforeTest()[pri:0, instance:testpackage.Tests.BasicPlaybackSampleApp.BasicTests@13c78c0b]" name="beforeTest" is-config="true" duration-ms="11137" started-at="2015-12-17T16:34:37Z" finished-at="2015-12-17T16:34:48Z">
          <reporter-output>
          </reporter-output>
        </test-method> <!-- beforeTest -->
        <test-method status="PASS" signature="beforeMethod()[pri:0, instance:testpackage.Tests.BasicPlaybackSampleApp.BasicTests@13c78c0b]" name="beforeMethod" is-config="true" duration-ms="1389" started-at="2015-12-17T16:34:48Z" finished-at="2015-12-17T16:34:49Z">
          <reporter-output>
          </reporter-output>
        </test-method> <!-- beforeMethod -->
        <test-method status="FAIL" signature="AspectRatioTest()[pri:0, instance:testpackage.Tests.BasicPlaybackSampleApp.BasicTests@13c78c0b]" name="AspectRatioTest" duration-ms="96955" started-at="2015-12-17T16:34:49Z" finished-at="2015-12-17T16:36:26Z">
          <exception class="java.lang.AssertionError">
            <full-stacktrace>
              <![CDATA[java.lang.AssertionError
	at org.junit.Assert.fail(Assert.java:86)
	at org.junit.Assert.assertTrue(Assert.java:41)
	at org.junit.Assert.assertTrue(Assert.java:52)
	at testpackage.utils.eventVerification.verifyEvent(eventVerification.java:27)
	at testpackage.Tests.BasicPlaybackSampleApp.BasicTests.AspectRatioTest(BasicTests.java:155)
	at sun.reflect.NativeMethodAccessorImpl.invoke0(Native Method)
	at sun.reflect.NativeMethodAccessorImpl.invoke(NativeMethodAccessorImpl.java:62)
	at sun.reflect.DelegatingMethodAccessorImpl.invoke(DelegatingMethodAccessorImpl.java:43)
	at java.lang.reflect.Method.invoke(Method.java:497)
	at org.testng.internal.MethodInvocationHelper.invokeMethod(MethodInvocationHelper.java:85)
	at org.testng.internal.Invoker.invokeMethod(Invoker.java:659)
	at org.testng.internal.Invoker.invokeTestMethod(Invoker.java:845)
	at org.testng.internal.Invoker.invokeTestMethods(Invoker.java:1153)
	at org.testng.internal.TestMethodWorker.invokeTestMethods(TestMethodWorker.java:125)
	at org.testng.internal.TestMethodWorker.run(TestMethodWorker.java:108)
	at org.testng.TestRunner.privateRun(TestRunner.java:771)
	at org.testng.TestRunner.run(TestRunner.java:621)
	at org.testng.SuiteRunner.runTest(SuiteRunner.java:357)
	at org.testng.SuiteRunner.runSequentially(SuiteRunner.java:352)
	at org.testng.SuiteRunner.privateRun(SuiteRunner.java:310)
	at org.testng.SuiteRunner.run(SuiteRunner.java:259)
	at org.testng.SuiteRunnerWorker.runSuite(SuiteRunnerWorker.java:52)
	at org.testng.SuiteRunnerWorker.run(SuiteRunnerWorker.java:86)
	at org.testng.TestNG.runSuitesSequentially(TestNG.java:1199)
	at org.testng.TestNG.runSuitesLocally(TestNG.java:1124)
	at org.testng.TestNG.run(TestNG.java:1032)
	at org.apache.maven.surefire.testng.TestNGExecutor.run(TestNGExecutor.java:122)
	at org.apache.maven.surefire.testng.TestNGXmlTestSuite.execute(TestNGXmlTestSuite.java:92)
	at org.apache.maven.surefire.testng.TestNGProvider.invoke(TestNGProvider.java:105)
	at sun.reflect.NativeMethodAccessorImpl.invoke0(Native Method)
	at sun.reflect.NativeMethodAccessorImpl.invoke(NativeMethodAccessorImpl.java:62)
	at sun.reflect.DelegatingMethodAccessorImpl.invoke(DelegatingMethodAccessorImpl.java:43)
	at java.lang.reflect.Method.invoke(Method.java:497)
	at org.apache.maven.surefire.util.ReflectionUtils.invokeMethodWithArray(ReflectionUtils.java:188)
	at org.apache.maven.surefire.booter.ProviderFactory$ProviderProxy.invoke(ProviderFactory.java:166)
	at org.apache.maven.surefire.booter.ProviderFactory.invokeProvider(ProviderFactory.java:86)
	at org.apache.maven.surefire.booter.ForkedBooter.runSuitesInProcess(ForkedBooter.java:101)
	at org.apache.maven.surefire.booter.ForkedBooter.main(ForkedBooter.java:74)
]]>
            </full-stacktrace>
          </exception> <!-- java.lang.AssertionError -->
          <reporter-output>
          </reporter-output>
        </test-method> <!-- AspectRatioTest -->
        <test-method status="PASS" signature="afterMethod()[pri:0, instance:testpackage.Tests.BasicPlaybackSampleApp.BasicTests@13c78c0b]" name="afterMethod" is-config="true" duration-ms="10009" started-at="2015-12-17T16:36:26Z" finished-at="2015-12-17T16:36:36Z">
          <reporter-output>
          </reporter-output>
        </test-method> <!-- afterMethod -->
        <test-method status="PASS" signature="beforeMethod()[pri:0, instance:testpackage.Tests.BasicPlaybackSampleApp.BasicTests@13c78c0b]" name="beforeMethod" is-config="true" duration-ms="1228" started-at="2015-12-17T16:36:36Z" finished-at="2015-12-17T16:36:38Z">
          <reporter-output>
          </reporter-output>
        </test-method> <!-- beforeMethod -->
        <test-method status="FAIL" signature="HLSVideoTest()[pri:0, instance:testpackage.Tests.BasicPlaybackSampleApp.BasicTests@13c78c0b]" name="HLSVideoTest" duration-ms="70820" started-at="2015-12-17T16:36:38Z" finished-at="2015-12-17T16:37:48Z">
          <exception class="java.lang.AssertionError">
            <full-stacktrace>
              <![CDATA[java.lang.AssertionError
	at org.junit.Assert.fail(Assert.java:86)
	at org.junit.Assert.assertTrue(Assert.java:41)
	at org.junit.Assert.assertTrue(Assert.java:52)
	at testpackage.utils.eventVerification.verifyEvent(eventVerification.java:27)
	at testpackage.Tests.BasicPlaybackSampleApp.BasicTests.HLSVideoTest(BasicTests.java:229)
	at sun.reflect.NativeMethodAccessorImpl.invoke0(Native Method)
	at sun.reflect.NativeMethodAccessorImpl.invoke(NativeMethodAccessorImpl.java:62)
	at sun.reflect.DelegatingMethodAccessorImpl.invoke(DelegatingMethodAccessorImpl.java:43)
	at java.lang.reflect.Method.invoke(Method.java:497)
	at org.testng.internal.MethodInvocationHelper.invokeMethod(MethodInvocationHelper.java:85)
	at org.testng.internal.Invoker.invokeMethod(Invoker.java:659)
	at org.testng.internal.Invoker.invokeTestMethod(Invoker.java:845)
	at org.testng.internal.Invoker.invokeTestMethods(Invoker.java:1153)
	at org.testng.internal.TestMethodWorker.invokeTestMethods(TestMethodWorker.java:125)
	at org.testng.internal.TestMethodWorker.run(TestMethodWorker.java:108)
	at org.testng.TestRunner.privateRun(TestRunner.java:771)
	at org.testng.TestRunner.run(TestRunner.java:621)
	at org.testng.SuiteRunner.runTest(SuiteRunner.java:357)
	at org.testng.SuiteRunner.runSequentially(SuiteRunner.java:352)
	at org.testng.SuiteRunner.privateRun(SuiteRunner.java:310)
	at org.testng.SuiteRunner.run(SuiteRunner.java:259)
	at org.testng.SuiteRunnerWorker.runSuite(SuiteRunnerWorker.java:52)
	at org.testng.SuiteRunnerWorker.run(SuiteRunnerWorker.java:86)
	at org.testng.TestNG.runSuitesSequentially(TestNG.java:1199)
	at org.testng.TestNG.runSuitesLocally(TestNG.java:1124)
	at org.testng.TestNG.run(TestNG.java:1032)
	at org.apache.maven.surefire.testng.TestNGExecutor.run(TestNGExecutor.java:122)
	at org.apache.maven.surefire.testng.TestNGXmlTestSuite.execute(TestNGXmlTestSuite.java:92)
	at org.apache.maven.surefire.testng.TestNGProvider.invoke(TestNGProvider.java:105)
	at sun.reflect.NativeMethodAccessorImpl.invoke0(Native Method)
	at sun.reflect.NativeMethodAccessorImpl.invoke(NativeMethodAccessorImpl.java:62)
	at sun.reflect.DelegatingMethodAccessorImpl.invoke(DelegatingMethodAccessorImpl.java:43)
	at java.lang.reflect.Method.invoke(Method.java:497)
	at org.apache.maven.surefire.util.ReflectionUtils.invokeMethodWithArray(ReflectionUtils.java:188)
	at org.apache.maven.surefire.booter.ProviderFactory$ProviderProxy.invoke(ProviderFactory.java:166)
	at org.apache.maven.surefire.booter.ProviderFactory.invokeProvider(ProviderFactory.java:86)
	at org.apache.maven.surefire.booter.ForkedBooter.runSuitesInProcess(ForkedBooter.java:101)
	at org.apache.maven.surefire.booter.ForkedBooter.main(ForkedBooter.java:74)
]]>
            </full-stacktrace>
          </exception> <!-- java.lang.AssertionError -->
          <reporter-output>
          </reporter-output>
        </test-method> <!-- HLSVideoTest -->
        <test-method status="PASS" signature="afterMethod()[pri:0, instance:testpackage.Tests.BasicPlaybackSampleApp.BasicTests@13c78c0b]" name="afterMethod" is-config="true" duration-ms="10006" started-at="2015-12-17T16:37:48Z" finished-at="2015-12-17T16:37:58Z">
          <reporter-output>
          </reporter-output>
        </test-method> <!-- afterMethod -->
        <test-method status="PASS" signature="beforeMethod()[pri:0, instance:testpackage.Tests.BasicPlaybackSampleApp.BasicTests@13c78c0b]" name="beforeMethod" is-config="true" duration-ms="1215" started-at="2015-12-17T16:37:58Z" finished-at="2015-12-17T16:38:00Z">
          <reporter-output>
          </reporter-output>
        </test-method> <!-- beforeMethod -->
        <test-method status="PASS" signature="MP4VideoTest()[pri:0, instance:testpackage.Tests.BasicPlaybackSampleApp.BasicTests@13c78c0b]" name="MP4VideoTest" duration-ms="54399" started-at="2015-12-17T16:38:00Z" finished-at="2015-12-17T16:38:54Z">
          <reporter-output>
          </reporter-output>
        </test-method> <!-- MP4VideoTest -->
        <test-method status="PASS" signature="afterMethod()[pri:0, instance:testpackage.Tests.BasicPlaybackSampleApp.BasicTests@13c78c0b]" name="afterMethod" is-config="true" duration-ms="10006" started-at="2015-12-17T16:38:54Z" finished-at="2015-12-17T16:39:04Z">
          <reporter-output>
          </reporter-output>
        </test-method> <!-- afterMethod -->
        <test-method status="PASS" signature="beforeMethod()[pri:0, instance:testpackage.Tests.BasicPlaybackSampleApp.BasicTests@13c78c0b]" name="beforeMethod" is-config="true" duration-ms="1298" started-at="2015-12-17T16:39:04Z" finished-at="2015-12-17T16:39:05Z">
          <reporter-output>
          </reporter-output>
        </test-method> <!-- beforeMethod -->
        <test-method status="PASS" signature="MultiAdCombinationTest()[pri:0, instance:testpackage.Tests.BasicPlaybackSampleApp.BasicTests@13c78c0b]" name="MultiAdCombinationTest" duration-ms="51148" started-at="2015-12-17T16:39:05Z" finished-at="2015-12-17T16:39:56Z">
          <reporter-output>
          </reporter-output>
        </test-method> <!-- MultiAdCombinationTest -->
        <test-method status="PASS" signature="afterMethod()[pri:0, instance:testpackage.Tests.BasicPlaybackSampleApp.BasicTests@13c78c0b]" name="afterMethod" is-config="true" duration-ms="10009" started-at="2015-12-17T16:39:56Z" finished-at="2015-12-17T16:40:06Z">
          <reporter-output>
          </reporter-output>
        </test-method> <!-- afterMethod -->
        <test-method status="PASS" signature="beforeMethod()[pri:0, instance:testpackage.Tests.BasicPlaybackSampleApp.BasicTests@13c78c0b]" name="beforeMethod" is-config="true" duration-ms="1260" started-at="2015-12-17T16:40:06Z" finished-at="2015-12-17T16:40:08Z">
          <reporter-output>
          </reporter-output>
        </test-method> <!-- beforeMethod -->
        <test-method status="PASS" signature="OoyalaADMidRollTest()[pri:0, instance:testpackage.Tests.BasicPlaybackSampleApp.BasicTests@13c78c0b]" name="OoyalaADMidRollTest" duration-ms="67388" started-at="2015-12-17T16:40:08Z" finished-at="2015-12-17T16:41:15Z">
          <reporter-output>
          </reporter-output>
        </test-method> <!-- OoyalaADMidRollTest -->
        <test-method status="PASS" signature="afterMethod()[pri:0, instance:testpackage.Tests.BasicPlaybackSampleApp.BasicTests@13c78c0b]" name="afterMethod" is-config="true" duration-ms="10006" started-at="2015-12-17T16:41:15Z" finished-at="2015-12-17T16:41:25Z">
          <reporter-output>
          </reporter-output>
        </test-method> <!-- afterMethod -->
        <test-method status="PASS" signature="beforeMethod()[pri:0, instance:testpackage.Tests.BasicPlaybackSampleApp.BasicTests@13c78c0b]" name="beforeMethod" is-config="true" duration-ms="1303" started-at="2015-12-17T16:41:25Z" finished-at="2015-12-17T16:41:26Z">
          <reporter-output>
          </reporter-output>
        </test-method> <!-- beforeMethod -->
        <test-method status="PASS" signature="OoyalaADPostRollTest()[pri:0, instance:testpackage.Tests.BasicPlaybackSampleApp.BasicTests@13c78c0b]" name="OoyalaADPostRollTest" duration-ms="28472" started-at="2015-12-17T16:41:26Z" finished-at="2015-12-17T16:41:55Z">
          <reporter-output>
          </reporter-output>
        </test-method> <!-- OoyalaADPostRollTest -->
        <test-method status="PASS" signature="afterMethod()[pri:0, instance:testpackage.Tests.BasicPlaybackSampleApp.BasicTests@13c78c0b]" name="afterMethod" is-config="true" duration-ms="10007" started-at="2015-12-17T16:41:55Z" finished-at="2015-12-17T16:42:05Z">
          <reporter-output>
          </reporter-output>
        </test-method> <!-- afterMethod -->
        <test-method status="PASS" signature="beforeMethod()[pri:0, instance:testpackage.Tests.BasicPlaybackSampleApp.BasicTests@13c78c0b]" name="beforeMethod" is-config="true" duration-ms="1258" started-at="2015-12-17T16:42:05Z" finished-at="2015-12-17T16:42:06Z">
          <reporter-output>
          </reporter-output>
        </test-method> <!-- beforeMethod -->
        <test-method status="PASS" signature="OoyalaAdPreRollTest()[pri:0, instance:testpackage.Tests.BasicPlaybackSampleApp.BasicTests@13c78c0b]" name="OoyalaAdPreRollTest" duration-ms="29886" started-at="2015-12-17T16:42:06Z" finished-at="2015-12-17T16:42:36Z">
          <reporter-output>
          </reporter-output>
        </test-method> <!-- OoyalaAdPreRollTest -->
        <test-method status="PASS" signature="afterMethod()[pri:0, instance:testpackage.Tests.BasicPlaybackSampleApp.BasicTests@13c78c0b]" name="afterMethod" is-config="true" duration-ms="10005" started-at="2015-12-17T16:42:36Z" finished-at="2015-12-17T16:42:46Z">
          <reporter-output>
          </reporter-output>
        </test-method> <!-- afterMethod -->
        <test-method status="PASS" signature="beforeMethod()[pri:0, instance:testpackage.Tests.BasicPlaybackSampleApp.BasicTests@13c78c0b]" name="beforeMethod" is-config="true" duration-ms="1168" started-at="2015-12-17T16:42:46Z" finished-at="2015-12-17T16:42:47Z">
          <reporter-output>
          </reporter-output>
        </test-method> <!-- beforeMethod -->
        <test-method status="PASS" signature="VASTADMidRollTest()[pri:0, instance:testpackage.Tests.BasicPlaybackSampleApp.BasicTests@13c78c0b]" name="VASTADMidRollTest" duration-ms="40703" started-at="2015-12-17T16:42:47Z" finished-at="2015-12-17T16:43:28Z">
          <reporter-output>
          </reporter-output>
        </test-method> <!-- VASTADMidRollTest -->
        <test-method status="PASS" signature="afterMethod()[pri:0, instance:testpackage.Tests.BasicPlaybackSampleApp.BasicTests@13c78c0b]" name="afterMethod" is-config="true" duration-ms="10005" started-at="2015-12-17T16:43:28Z" finished-at="2015-12-17T16:43:38Z">
          <reporter-output>
          </reporter-output>
        </test-method> <!-- afterMethod -->
        <test-method status="PASS" signature="beforeMethod()[pri:0, instance:testpackage.Tests.BasicPlaybackSampleApp.BasicTests@13c78c0b]" name="beforeMethod" is-config="true" duration-ms="1222" started-at="2015-12-17T16:43:38Z" finished-at="2015-12-17T16:43:39Z">
          <reporter-output>
          </reporter-output>
        </test-method> <!-- beforeMethod -->
        <test-method status="PASS" signature="VASTADPostRollTest()[pri:0, instance:testpackage.Tests.BasicPlaybackSampleApp.BasicTests@13c78c0b]" name="VASTADPostRollTest" duration-ms="28985" started-at="2015-12-17T16:43:39Z" finished-at="2015-12-17T16:44:08Z">
          <reporter-output>
          </reporter-output>
        </test-method> <!-- VASTADPostRollTest -->
        <test-method status="PASS" signature="afterMethod()[pri:0, instance:testpackage.Tests.BasicPlaybackSampleApp.BasicTests@13c78c0b]" name="afterMethod" is-config="true" duration-ms="10008" started-at="2015-12-17T16:44:08Z" finished-at="2015-12-17T16:44:18Z">
          <reporter-output>
          </reporter-output>
        </test-method> <!-- afterMethod -->
        <test-method status="PASS" signature="beforeMethod()[pri:0, instance:testpackage.Tests.BasicPlaybackSampleApp.BasicTests@13c78c0b]" name="beforeMethod" is-config="true" duration-ms="1285" started-at="2015-12-17T16:44:18Z" finished-at="2015-12-17T16:44:19Z">
          <reporter-output>
          </reporter-output>
        </test-method> <!-- beforeMethod -->
        <test-method status="PASS" signature="VASTAdPreRollTest()[pri:0, instance:testpackage.Tests.BasicPlaybackSampleApp.BasicTests@13c78c0b]" name="VASTAdPreRollTest" duration-ms="30167" started-at="2015-12-17T16:44:19Z" finished-at="2015-12-17T16:44:50Z">
          <reporter-output>
          </reporter-output>
        </test-method> <!-- VASTAdPreRollTest -->
        <test-method status="PASS" signature="afterMethod()[pri:0, instance:testpackage.Tests.BasicPlaybackSampleApp.BasicTests@13c78c0b]" name="afterMethod" is-config="true" duration-ms="10006" started-at="2015-12-17T16:44:50Z" finished-at="2015-12-17T16:45:00Z">
          <reporter-output>
          </reporter-output>
        </test-method> <!-- afterMethod -->
        <test-method status="PASS" signature="beforeMethod()[pri:0, instance:testpackage.Tests.BasicPlaybackSampleApp.BasicTests@13c78c0b]" name="beforeMethod" is-config="true" duration-ms="1173" started-at="2015-12-17T16:45:00Z" finished-at="2015-12-17T16:45:01Z">
          <reporter-output>
          </reporter-output>
        </test-method> <!-- beforeMethod -->
        <test-method status="PASS" signature="VASTAdWrapperTest()[pri:0, instance:testpackage.Tests.BasicPlaybackSampleApp.BasicTests@13c78c0b]" name="VASTAdWrapperTest" duration-ms="31375" started-at="2015-12-17T16:45:01Z" finished-at="2015-12-17T16:45:32Z">
          <reporter-output>
          </reporter-output>
        </test-method> <!-- VASTAdWrapperTest -->
        <test-method status="PASS" signature="afterMethod()[pri:0, instance:testpackage.Tests.BasicPlaybackSampleApp.BasicTests@13c78c0b]" name="afterMethod" is-config="true" duration-ms="10008" started-at="2015-12-17T16:45:32Z" finished-at="2015-12-17T16:45:42Z">
          <reporter-output>
          </reporter-output>
        </test-method> <!-- afterMethod -->
        <test-method status="PASS" signature="beforeMethod()[pri:0, instance:testpackage.Tests.BasicPlaybackSampleApp.BasicTests@13c78c0b]" name="beforeMethod" is-config="true" duration-ms="1289" started-at="2015-12-17T16:45:42Z" finished-at="2015-12-17T16:45:43Z">
          <reporter-output>
          </reporter-output>
        </test-method> <!-- beforeMethod -->
        <test-method status="PASS" signature="VODwithCCTest()[pri:0, instance:testpackage.Tests.BasicPlaybackSampleApp.BasicTests@13c78c0b]" name="VODwithCCTest" duration-ms="64471" started-at="2015-12-17T16:45:43Z" finished-at="2015-12-17T16:46:48Z">
          <reporter-output>
          </reporter-output>
        </test-method> <!-- VODwithCCTest -->
        <test-method status="PASS" signature="afterMethod()[pri:0, instance:testpackage.Tests.BasicPlaybackSampleApp.BasicTests@13c78c0b]" name="afterMethod" is-config="true" duration-ms="10007" started-at="2015-12-17T16:46:48Z" finished-at="2015-12-17T16:46:58Z">
          <reporter-output>
          </reporter-output>
        </test-method> <!-- afterMethod -->
        <test-method status="PASS" signature="afterTest()[pri:0, instance:testpackage.Tests.BasicPlaybackSampleApp.BasicTests@13c78c0b]" name="afterTest" is-config="true" duration-ms="762" started-at="2015-12-17T16:46:58Z" finished-at="2015-12-17T16:46:59Z">
          <reporter-output>
          </reporter-output>
        </test-method> <!-- afterTest -->
      </class> <!-- testpackage.Tests.BasicPlaybackSampleApp.BasicTests -->
    </test> <!-- AppiumTest -->
  </suite> <!-- Default Suite -->
</testng-results>
